08-26-2020 @ 22:29:06 - 3.0.5 upgrade complete from Subscriptions v0 while WooCommerce WC_VERSION 4.4.1 and database version 4.4.1 was active.
08-26-2020 @ 22:29:06 - Environment info:
08-26-2020 @ 22:29:06 -     WordPress Version : 5.5
08-26-2020 @ 22:29:06 - Active Plugins:
08-26-2020 @ 22:29:06 -     Builder Button Pro by Themify – 1.1.8
08-26-2020 @ 22:29:06 -     Builder Contact by Themify – 1.4.7
08-26-2020 @ 22:29:06 -     Builder Countdown by Themify – 1.1.0
08-26-2020 @ 22:29:06 -     Builder Counter by Themify – 1.1.2
08-26-2020 @ 22:29:06 -     Builder FitText by Themify – 1.1.0
08-26-2020 @ 22:29:06 -     Builder Image Pro by Themify – 1.1.5
08-26-2020 @ 22:29:06 -     Builder Infinite Background by Themify – 1.0.7
08-26-2020 @ 22:29:06 -     Builder Infinite Posts by Themify – 1.0.3
08-26-2020 @ 22:29:06 -     Builder Maps Pro by Themify – 1.2.1
08-26-2020 @ 22:29:06 -     Builder Pointers by Themify – 1.1.1
08-26-2020 @ 22:29:06 -     Builder Pricing Table by Themify – 1.0.8
08-26-2020 @ 22:29:06 -     Builder Progress Bar by Themify – 1.1.1
08-26-2020 @ 22:29:06 -     Builder Slider Pro by Themify – 1.1.4
08-26-2020 @ 22:29:06 -     Builder Tiles by Themify – 1.2.7
08-26-2020 @ 22:29:06 -     Builder Timeline by Themify – 1.1.2
08-26-2020 @ 22:29:06 -     Builder Typewriter by Themify – 1.0.3
08-26-2020 @ 22:29:06 -     Builder WooCommerce by Themify – 1.1.6
08-26-2020 @ 22:29:06 -     LoginPress - Customizing the WordPress Login by WPBrigade – 1.4.1
08-26-2020 @ 22:29:06 -     Themify Portfolio Post by Themify – 1.1.4
08-26-2020 @ 22:29:06 -     PTB Extra Fields by Themify – 1.1.6
08-26-2020 @ 22:29:06 -     PTB Relation by Themify – 1.0.6
08-26-2020 @ 22:29:06 -     PTB Search by Themify – 1.0.7
08-26-2020 @ 22:29:06 -     PTB Submissions by Themify – 1.1.4
08-26-2020 @ 22:29:06 -     Post Type Builder by Themify – 1.3.0
08-26-2020 @ 22:29:06 -     Themify Tiles by Themify – 1.1.4
08-26-2020 @ 22:29:06 -     Themify - WooCommerce Product Filter by Themify – 1.3.1
08-26-2020 @ 22:29:06 -     WooCommerce Subscriptions by WooCommerce – 3.0.5
08-26-2020 @ 22:29:06 -     WooCommerce by Automattic – 4.4.1
08-26-2020 @ 22:29:06 -     WP Clone by WP Academy by WP Academy – 2.2.10
